\BOOKMARK [1][-]{section.0.1}{\376\377\000I\000n\000v\000e\000n\000t\000o\000r\000y}{}% 1
\BOOKMARK [2][-]{subsection.0.1.1}{\376\377\000I\000n\000f\000r\000a\000s\000t\000r\000u\000c\000t\000u\000r\000e\000\040\000/\000\040\000L\000e\000v\000e\000l\000\040\0000\000\040\000N\000e\000t\000w\000o\000r\000k}{section.0.1}% 2
\BOOKMARK [2][-]{subsection.0.1.2}{\376\377\000S\000t\000a\000t\000i\000o\000n\000\040\0000\000\040\040\023\000\040\000R\000o\000b\000o\000t\000\040\000A\000r\000m\000\040\000\050\0001\0007\0002\000.\0002\0001\000.\0000\000.\000x\000\051}{section.0.1}% 3
\BOOKMARK [2][-]{subsection.0.1.3}{\376\377\000S\000t\000a\000t\000i\000o\000n\000\040\0001\000\040\040\023\000\040\000C\000o\000n\000v\000e\000y\000o\000r\000\040\000B\000e\000l\000t\000\040\000\050\0001\0007\0002\000.\0002\0001\000.\0001\000.\000x\000\051}{section.0.1}% 4
\BOOKMARK [2][-]{subsection.0.1.4}{\376\377\000S\000t\000a\000t\000i\000o\000n\000\040\0002\000\040\040\023\000\040\000B\000a\000l\000l\000\040\000S\000o\000r\000t\000i\000n\000g\000\040\000/\000\040\000D\000i\000s\000p\000e\000n\000s\000e\000\040\000\050\0001\0007\0002\000.\0002\0001\000.\0002\000.\000x\000\051}{section.0.1}% 5
\BOOKMARK [2][-]{subsection.0.1.5}{\376\377\000S\000t\000a\000t\000i\000o\000n\000\040\0003\000\040\040\023\000\040\000C\000a\000m\000e\000r\000a\000\040\000I\000n\000s\000p\000e\000c\000t\000i\000o\000n\000\040\000\050\0001\0007\0002\000.\0002\0001\000.\0003\000.\000x\000\051}{section.0.1}% 6
\BOOKMARK [2][-]{subsection.0.1.6}{\376\377\000P\000L\000C\000\040\000S\000e\000g\000m\000e\000n\000t\000\040\040\023\000\040\000S\000t\000a\000t\000i\000o\000n\000s\000\040\0002\000\040\000\046\000\040\0003}{section.0.1}% 7
\BOOKMARK [2][-]{subsection.0.1.7}{\376\377\000S\000t\000a\000t\000i\000o\000n\000\040\0004\000\040\040\023\000\040\000M\000a\000g\000a\000z\000i\000n\000e\000\040\000\050\0001\0007\0002\000.\0002\0001\000.\0004\000.\000x\000\051}{section.0.1}% 8
\BOOKMARK [2][-]{subsection.0.1.8}{\376\377\000S\000t\000a\000t\000i\000o\000n\000\040\0005\000\040\040\023\000\040\000M\000u\000s\000c\000l\000e\000\040\000P\000r\000e\000s\000s\000\040\000\050\0001\0007\0002\000.\0002\0001\000.\0005\000.\000x\000\051}{section.0.1}% 9
\BOOKMARK [2][-]{subsection.0.1.9}{\376\377\000S\000t\000a\000t\000i\000o\000n\000\040\0006\000\040\040\023\000\040\000O\000v\000e\000n\000\040\000\050\0001\0007\0002\000.\0002\0001\000.\0006\000.\000x\000\051}{section.0.1}% 10
\BOOKMARK [1][-]{section.0.2}{\376\377\000T\000r\000u\000s\000t\000\040\000Z\000o\000n\000e\000s\000\040\000a\000n\000d\000\040\000S\000e\000g\000m\000e\000n\000t\000a\000t\000i\000o\000n}{}% 11
\BOOKMARK [2][-]{subsection.0.2.1}{\376\377\000R\000e\000g\000u\000l\000a\000t\000o\000r\000y\000\040\000a\000n\000d\000\040\000S\000t\000a\000n\000d\000a\000r\000d\000s\000\040\000A\000l\000i\000g\000n\000m\000e\000n\000t}{section.0.2}% 12
\BOOKMARK [2][-]{subsection.0.2.2}{\376\377\000N\000e\000t\000w\000o\000r\000k\000\040\000I\000d\000e\000n\000t\000i\000f\000i\000c\000a\000t\000i\000o\000n}{section.0.2}% 13
\BOOKMARK [2][-]{subsection.0.2.3}{\376\377\000S\000e\000c\000u\000r\000i\000t\000y\000\040\000W\000e\000a\000k\000n\000e\000s\000s\000e\000s}{section.0.2}% 14
\BOOKMARK [2][-]{subsection.0.2.4}{\376\377\000S\000t\000a\000n\000d\000a\000r\000d\000s\000\040\000A\000l\000i\000g\000n\000m\000e\000n\000t\000\040\000S\000u\000m\000m\000a\000r\000y}{section.0.2}% 15
\BOOKMARK [1][-]{section.0.3}{\376\377\000T\000h\000r\000e\000a\000t\000\040\000M\000o\000d\000e\000l\000l\000i\000n\000g}{}% 16
\BOOKMARK [2][-]{subsection.0.3.1}{\376\377\000A\000t\000t\000a\000c\000k\000e\000r\000\040\000P\000r\000o\000f\000i\000l\000e\000s}{section.0.3}% 17
\BOOKMARK [2][-]{subsection.0.3.2}{\376\377\000T\000h\000r\000e\000a\000t\000\040\000S\000c\000e\000n\000a\000r\000i\000o\000s}{section.0.3}% 18
\BOOKMARK [2][-]{subsection.0.3.3}{\376\377\000T\000h\000r\000e\000a\000t\000\040\000T\000a\000b\000l\000e}{section.0.3}% 19
\BOOKMARK [1][-]{section.0.4}{\376\377\000R\000i\000s\000k\000\040\000M\000a\000t\000r\000i\000x}{}% 20
\BOOKMARK [1][-]{section.0.5}{\376\377\000S\000e\000c\000u\000r\000i\000t\000y\000\040\000R\000e\000q\000u\000i\000r\000e\000m\000e\000n\000t\000s}{}% 21
\BOOKMARK [1][-]{section.0.6}{\376\377\000L\000o\000g\000i\000c\000a\000l\000\040\000N\000e\000t\000w\000o\000r\000k\000\040\000R\000e\000d\000e\000s\000i\000g\000n}{}% 22
\BOOKMARK [2][-]{subsection.0.6.1}{\376\377\000L\000o\000g\000i\000c\000\040\000Z\000o\000n\000e\000s}{section.0.6}% 23
\BOOKMARK [2][-]{subsection.0.6.2}{\376\377\000N\000e\000w\000\040\000N\000o\000d\000e\000s}{section.0.6}% 24
\BOOKMARK [2][-]{subsection.0.6.3}{\376\377\000F\000i\000r\000e\000w\000a\000l\000l\000s}{section.0.6}% 25
\BOOKMARK [2][-]{subsection.0.6.4}{\376\377\000N\000e\000t\000w\000o\000r\000k\000\040\000I\000m\000p\000l\000e\000m\000e\000n\000t\000a\000t\000i\000o\000n}{section.0.6}% 26
\BOOKMARK [2][-]{subsection.0.6.5}{\376\377\000V\000L\000A\000N\000\040\000S\000e\000g\000m\000e\000n\000t\000a\000t\000i\000o\000n\000\040\000\046\000\040\000R\000e\000s\000t\000r\000i\000c\000t\000e\000d\000\040\000R\000o\000u\000t\000i\000n\000g}{section.0.6}% 27
\BOOKMARK [2][-]{subsection.0.6.6}{\376\377\000J\000u\000s\000t\000i\000f\000i\000e\000d\000\040\000P\000r\000o\000t\000o\000c\000o\000l\000s\000\040\000R\000o\000u\000t\000e\000s}{section.0.6}% 28
\BOOKMARK [1][-]{section.0.7}{\376\377\000P\000r\000o\000t\000o\000c\000o\000l\000\040\000H\000a\000r\000d\000e\000n\000i\000n\000g}{}% 29
\BOOKMARK [2][-]{subsection.0.7.1}{\376\377\000P\000r\000o\000f\000i\000n\000e\000t}{section.0.7}% 30
\BOOKMARK [2][-]{subsection.0.7.2}{\376\377\000O\000P\000C\000\040\000U\000A}{section.0.7}% 31
\BOOKMARK [2][-]{subsection.0.7.3}{\376\377\000M\000Q\000T\000T}{section.0.7}% 32
\BOOKMARK [2][-]{subsection.0.7.4}{\376\377\000H\000T\000T\000P\000/\000W\000e\000b\000\040\000I\000n\000t\000e\000r\000f\000a\000c\000e\000s}{section.0.7}% 33
\BOOKMARK [2][-]{subsection.0.7.5}{\376\377\000S\0007\000c\000o\000m\000m\000+\000\040\000E\000n\000g\000i\000n\000e\000e\000r\000i\000n\000g\000\040\000A\000c\000c\000e\000s\000s}{section.0.7}% 34
\BOOKMARK [1][-]{section.0.8}{\376\377\000S\000e\000c\000u\000r\000i\000t\000y\000\040\000H\000a\000r\000d\000w\000a\000r\000e}{}% 35
\BOOKMARK [2][-]{subsection.0.8.1}{\376\377\000I\000n\000d\000u\000s\000t\000r\000i\000a\000l\000\040\000F\000i\000r\000e\000w\000a\000l\000l}{section.0.8}% 36
\BOOKMARK [2][-]{subsection.0.8.2}{\376\377\000M\000a\000n\000a\000g\000e\000d\000\040\000S\000w\000i\000t\000c\000h}{section.0.8}% 37
\BOOKMARK [2][-]{subsection.0.8.3}{\376\377\000E\000n\000g\000i\000n\000e\000e\000r\000i\000n\000g\000\040\000S\000t\000a\000t\000i\000o\000n}{section.0.8}% 38
\BOOKMARK [2][-]{subsection.0.8.4}{\376\377\000I\000D\000M\000Z\000\040\000p\000r\000o\000x\000y\000\040\000s\000e\000r\000v\000e\000r}{section.0.8}% 39
\BOOKMARK [2][-]{subsection.0.8.5}{\376\377\000S\000y\000s\000l\000o\000g\000\040\000\046\000\040\000B\000a\000c\000k\000u\000p\000\040\000S\000t\000o\000r\000a\000g\000e}{section.0.8}% 40
\BOOKMARK [1][-]{section.0.9}{\376\377\000O\000r\000g\000a\000n\000i\000z\000a\000t\000i\000o\000n\000a\000l\000\040\000\046\000\040\000P\000r\000o\000c\000e\000d\000u\000r\000a\000l\000\040\000M\000e\000a\000s\000u\000r\000e\000s}{}% 41
\BOOKMARK [2][-]{subsection.0.9.1}{\376\377\000U\000s\000e\000r\000\040\000R\000o\000l\000e\000s}{section.0.9}% 42
\BOOKMARK [2][-]{subsection.0.9.2}{\376\377\000B\000a\000c\000k\000u\000p\000\040\000S\000t\000r\000a\000t\000e\000g\000y}{section.0.9}% 43
\BOOKMARK [2][-]{subsection.0.9.3}{\376\377\000I\000n\000c\000i\000d\000e\000n\000t\000\040\000R\000e\000s\000p\000o\000n\000s\000e}{section.0.9}% 44
