\BOOKMARK [1][-]{section.0.1}{\376\377\000I\000n\000t\000r\000o\000d\000u\000c\000t\000i\000o\000n\000\040\000a\000n\000d\000\040\000S\000c\000o\000p\000e}{}% 1
\BOOKMARK [1][-]{section.0.2}{\376\377\000D\000e\000s\000c\000r\000i\000p\000t\000i\000o\000n\000\040\000o\000f\000\040\000t\000h\000e\000\040\000S\000y\000s\000t\000e\000m}{}% 2
\BOOKMARK [2][-]{subsection.0.2.1}{\376\377\000A\000s\000s\000e\000t\000\040\000I\000n\000v\000e\000n\000t\000o\000r\000y}{section.0.2}% 3
\BOOKMARK [1][-]{section.0.3}{\376\377\000A\000s\000-\000I\000s\000\040\000A\000r\000c\000h\000i\000t\000e\000c\000t\000u\000r\000e}{}% 4
\BOOKMARK [2][-]{subsection.0.3.1}{\376\377\000C\000o\000m\000m\000u\000n\000i\000c\000a\000t\000i\000o\000n\000s\000\040\000M\000a\000p\000p\000i\000n\000g}{section.0.3}% 5
\BOOKMARK [2][-]{subsection.0.3.2}{\376\377\000T\000r\000u\000s\000t\000\040\000Z\000o\000n\000e\000s\000\040\000a\000n\000d\000\040\000S\000e\000g\000m\000e\000n\000t\000a\000t\000i\000o\000n}{section.0.3}% 6
\BOOKMARK [2][-]{subsection.0.3.3}{\376\377\000N\000e\000t\000w\000o\000r\000k\000\040\000I\000d\000e\000n\000t\000i\000f\000i\000c\000a\000t\000i\000o\000n}{section.0.3}% 7
\BOOKMARK [1][-]{section.0.4}{\376\377\000T\000h\000r\000e\000a\000t\000\040\000a\000n\000d\000\040\000R\000i\000s\000k\000\040\000A\000n\000a\000l\000y\000s\000i\000s}{}% 8
\BOOKMARK [2][-]{subsection.0.4.1}{\376\377\000T\000h\000r\000e\000a\000t\000\040\000M\000o\000d\000e\000l\000l\000i\000n\000g}{section.0.4}% 9
\BOOKMARK [2][-]{subsection.0.4.2}{\376\377\000T\000h\000r\000e\000a\000t\000\040\000S\000c\000e\000n\000a\000r\000i\000o\000s}{section.0.4}% 10
\BOOKMARK [2][-]{subsection.0.4.3}{\376\377\000T\000h\000r\000e\000a\000t\000\040\000T\000a\000b\000l\000e}{section.0.4}% 11
\BOOKMARK [2][-]{subsection.0.4.4}{\376\377\000R\000i\000s\000k\000\040\000M\000a\000t\000r\000i\000x}{section.0.4}% 12
\BOOKMARK [1][-]{section.0.5}{\376\377\000S\000e\000c\000u\000r\000i\000t\000y\000\040\000R\000e\000q\000u\000i\000r\000e\000m\000e\000n\000t\000s}{}% 13
\BOOKMARK [1][-]{section.0.6}{\376\377\000T\000o\000-\000B\000e\000\040\000A\000r\000c\000h\000i\000t\000e\000c\000t\000u\000r\000e}{}% 14
\BOOKMARK [2][-]{subsection.0.6.1}{\376\377\000L\000o\000g\000i\000c\000a\000l\000\040\000N\000e\000t\000w\000o\000r\000k\000\040\000R\000e\000d\000e\000s\000i\000g\000n}{section.0.6}% 15
\BOOKMARK [2][-]{subsection.0.6.2}{\376\377\000L\000o\000g\000i\000c\000\040\000Z\000o\000n\000e\000s}{section.0.6}% 16
\BOOKMARK [2][-]{subsection.0.6.3}{\376\377\000N\000e\000w\000\040\000N\000o\000d\000e\000s}{section.0.6}% 17
\BOOKMARK [2][-]{subsection.0.6.4}{\376\377\000F\000i\000r\000e\000w\000a\000l\000l\000s}{section.0.6}% 18
\BOOKMARK [2][-]{subsection.0.6.5}{\376\377\000N\000e\000t\000w\000o\000r\000k\000\040\000I\000m\000p\000l\000e\000m\000e\000n\000t\000a\000t\000i\000o\000n}{section.0.6}% 19
\BOOKMARK [1][-]{section.0.7}{\376\377\000H\000a\000r\000d\000w\000a\000r\000e}{}% 20
\BOOKMARK [2][-]{subsection.0.7.1}{\376\377\000P\000r\000o\000t\000o\000c\000o\000l\000\040\000H\000a\000r\000d\000e\000n\000i\000n\000g}{section.0.7}% 21
\BOOKMARK [2][-]{subsection.0.7.2}{\376\377\000S\000e\000c\000u\000r\000i\000t\000y\000\040\000H\000a\000r\000d\000w\000a\000r\000e}{section.0.7}% 22
\BOOKMARK [1][-]{section.0.8}{\376\377\000S\000t\000a\000n\000d\000a\000r\000d\000s\000\040\000a\000n\000d\000\040\000R\000e\000g\000u\000l\000a\000t\000o\000r\000y\000\040\000A\000l\000i\000g\000n\000m\000e\000n\000t}{}% 23
\BOOKMARK [1][-]{section.0.9}{\376\377\000D\000i\000s\000c\000u\000s\000s\000i\000o\000n\000s\000\040\000a\000n\000d\000\040\000L\000i\000m\000i\000t\000a\000t\000i\000o\000n\000s}{}% 24
\BOOKMARK [2][-]{subsection.0.9.1}{\376\377\000O\000r\000g\000a\000n\000i\000z\000a\000t\000i\000o\000n\000a\000l\000\040\000\046\000\040\000P\000r\000o\000c\000e\000d\000u\000r\000a\000l\000\040\000M\000e\000a\000s\000u\000r\000e\000s}{section.0.9}% 25
\BOOKMARK [1][-]{section.0.10}{\376\377\000C\000o\000n\000c\000l\000u\000s\000i\000o\000n}{}% 26
